Build started 5/3/2018 10:30:34 PM.
     1>Project "C:\Users\Damoy\Desktop\C++ Data Structures\Map\Map\Map.vcxproj" on node 2 (Build target(s)).
     1>ClCompile:
         C:\Program Files (x86)\Microsoft Visual Studio 12.0\VC\bin\CL.exe /c /ZI /nologo /W3 /WX- /sdl /Od /Oy- /D WIN32 /D _DEBUG /D _CONSOLE /D _LIB /D _UNICODE /D UNICODE /Gm /EHsc /RTC1 /MDd /GS /fp:precise /Zc:wchar_t /Zc:forScope /Fo"Debug\\" /Fd"Debug\vc120.pdb" /Gd /TP /analyze- /errorReport:prompt Source.cpp
         Source.cpp
     1>c:\users\damoy\desktop\c++ data structures\map\map\source.cpp(94): warning C4018: '<' : signed/unsigned mismatch
     1>c:\program files (x86)\microsoft visual studio 12.0\vc\include\xmemory0(600): error C2664: 'std::pair<const _Kty,_Ty>::pair(const std::pair<const _Kty,_Ty> &)' : cannot convert argument 1 from 'const char' to 'const std::pair<const _Kty,_Ty> &'
                 with
                 [
                     _Kty=std::string
         ,            _Ty=std::string
                 ]
                 Reason: cannot convert from 'const char' to 'const std::pair<const _Kty,_Ty>'
                 with
                 [
                     _Kty=std::string
         ,            _Ty=std::string
                 ]
                 No constructor could take the source type, or constructor overload resolution was ambiguous
                 c:\program files (x86)\microsoft visual studio 12.0\vc\include\xmemory0(723) : see reference to function template instantiation 'void std::allocator<_Other>::construct<_Objty,const char&>(_Objty *,const char &)' being compiled
                 with
                 [
                     _Other=std::_Tree_node<std::pair<const std::string,std::string>,void *>
         ,            _Objty=std::pair<const std::string,std::string>
                 ]
                 c:\program files (x86)\microsoft visual studio 12.0\vc\include\xmemory0(723) : see reference to function template instantiation 'void std::allocator<_Other>::construct<_Objty,const char&>(_Objty *,const char &)' being compiled
                 with
                 [
                     _Other=std::_Tree_node<std::pair<const std::string,std::string>,void *>
         ,            _Objty=std::pair<const std::string,std::string>
                 ]
                 c:\program files (x86)\microsoft visual studio 12.0\vc\include\xmemory0(872) : see reference to function template instantiation 'void std::allocator_traits<_Alloc>::construct<_Ty,const char&>(std::allocator<_Other> &,_Objty *,const char &)' being compiled
                 with
                 [
                     _Alloc=std::allocator<std::_Tree_node<std::pair<const std::string,std::string>,void *>>
         ,            _Ty=std::pair<const std::string,std::string>
         ,            _Other=std::_Tree_node<std::pair<const std::string,std::string>,void *>
         ,            _Objty=std::pair<const std::string,std::string>
                 ]
                 c:\program files (x86)\microsoft visual studio 12.0\vc\include\xmemory0(872) : see reference to function template instantiation 'void std::allocator_traits<_Alloc>::construct<_Ty,const char&>(std::allocator<_Other> &,_Objty *,const char &)' being compiled
                 with
                 [
                     _Alloc=std::allocator<std::_Tree_node<std::pair<const std::string,std::string>,void *>>
         ,            _Ty=std::pair<const std::string,std::string>
         ,            _Other=std::_Tree_node<std::pair<const std::string,std::string>,void *>
         ,            _Objty=std::pair<const std::string,std::string>
                 ]
                 c:\program files (x86)\microsoft visual studio 12.0\vc\include\xtree(933) : see reference to function template instantiation 'void std::_Wrap_alloc<std::allocator<_Other>>::construct<_Ty,const char&>(_Ty *,const char &)' being compiled
                 with
                 [
                     _Other=std::_Tree_node<std::pair<const std::string,std::string>,void *>
         ,            _Ty=std::pair<const std::string,std::string>
                 ]
                 c:\program files (x86)\microsoft visual studio 12.0\vc\include\xtree(933) : see reference to function template instantiation 'void std::_Wrap_alloc<std::allocator<_Other>>::construct<_Ty,const char&>(_Ty *,const char &)' being compiled
                 with
                 [
                     _Other=std::_Tree_node<std::pair<const std::string,std::string>,void *>
         ,            _Ty=std::pair<const std::string,std::string>
                 ]
                 c:\program files (x86)\microsoft visual studio 12.0\vc\include\xtree(1184) : see reference to function template instantiation 'std::_Tree_node<std::pair<const _Kty,_Ty>,void *> *std::_Tree_buy<std::pair<const _Kty,_Ty>,std::allocator<std::pair<const _Kty,_Ty>>>::_Buynode<const char&>(const char &)' being compiled
                 with
                 [
                     _Kty=std::string
         ,            _Ty=std::string
                 ]
                 c:\program files (x86)\microsoft visual studio 12.0\vc\include\xtree(1184) : see reference to function template instantiation 'std::_Tree_node<std::pair<const _Kty,_Ty>,void *> *std::_Tree_buy<std::pair<const _Kty,_Ty>,std::allocator<std::pair<const _Kty,_Ty>>>::_Buynode<const char&>(const char &)' being compiled
                 with
                 [
                     _Kty=std::string
         ,            _Ty=std::string
                 ]
                 c:\program files (x86)\microsoft visual studio 12.0\vc\include\xtree(1319) : see reference to function template instantiation 'std::_Tree_iterator<std::_Tree_val<std::_Tree_simple_types<std::pair<const _Kty,_Ty>>>> std::_Tree<std::_Tmap_traits<_Kty,_Ty,_Pr,_Alloc,false>>::emplace_hint<const char&>(std::_Tree_const_iterator<std::_Tree_val<std::_Tree_simple_types<std::pair<const _Kty,_Ty>>>>,const char &)' being compiled
                 with
                 [
                     _Kty=std::string
         ,            _Ty=std::string
         ,            _Pr=std::less<std::string>
         ,            _Alloc=std::allocator<std::pair<const std::string,std::string>>
                 ]
                 c:\program files (x86)\microsoft visual studio 12.0\vc\include\xtree(1319) : see reference to function template instantiation 'std::_Tree_iterator<std::_Tree_val<std::_Tree_simple_types<std::pair<const _Kty,_Ty>>>> std::_Tree<std::_Tmap_traits<_Kty,_Ty,_Pr,_Alloc,false>>::emplace_hint<const char&>(std::_Tree_const_iterator<std::_Tree_val<std::_Tree_simple_types<std::pair<const _Kty,_Ty>>>>,const char &)' being compiled
                 with
                 [
                     _Kty=std::string
         ,            _Ty=std::string
         ,            _Pr=std::less<std::string>
         ,            _Alloc=std::allocator<std::pair<const std::string,std::string>>
                 ]
                 c:\users\damoy\desktop\c++ data structures\map\map\source.cpp(52) : see reference to function template instantiation 'void std::_Tree<std::_Tmap_traits<_Kty,_Ty,_Pr,_Alloc,false>>::insert<const char*>(_Iter,_Iter)' being compiled
                 with
                 [
                     _Kty=std::string
         ,            _Ty=std::string
         ,            _Pr=std::less<std::string>
         ,            _Alloc=std::allocator<std::pair<const std::string,std::string>>
         ,            _Iter=const char *
                 ]
                 c:\users\damoy\desktop\c++ data structures\map\map\source.cpp(52) : see reference to function template instantiation 'void std::_Tree<std::_Tmap_traits<_Kty,_Ty,_Pr,_Alloc,false>>::insert<const char*>(_Iter,_Iter)' being compiled
                 with
                 [
                     _Kty=std::string
         ,            _Ty=std::string
         ,            _Pr=std::less<std::string>
         ,            _Alloc=std::allocator<std::pair<const std::string,std::string>>
         ,            _Iter=const char *
                 ]
     1>Done Building Project "C:\Users\Damoy\Desktop\C++ Data Structures\Map\Map\Map.vcxproj" (Build target(s)) -- FAILED.

Build FAILED.

Time Elapsed 00:00:01.05
